17:19:54 **** Build of configuration Debug for project pr1-so ****
make all 
Building file: ../mytar.c
Invoking: GCC C Compiler
gcc -O0 -g3 -Wall -c -fmessage-length=0 -MMD -MP -MF"mytar.d" -MT"mytar.o" -o "mytar.o" "../mytar.c"
Finished building: ../mytar.c
 
Building file: ../mytar_routines.c
Invoking: GCC C Compiler
gcc -O0 -g3 -Wall -c -fmessage-length=0 -MMD -MP -MF"mytar_routines.d" -MT"mytar_routines.o" -o "mytar_routines.o" "../mytar_routines.c"
../mytar_routines.c: In function ‘readHeader’:
../mytar_routines.c:54:2: warning: passing argument 1 of ‘fread’ makes pointer from integer without a cast [enabled by default]
In file included from ../mytar_routines.c:2:0:
/usr/include/stdio.h:702:15: note: expected ‘void * __restrict__’ but argument is of type ‘int’
../mytar_routines.c:73:3: warning: passing argument 1 of ‘fread’ makes pointer from integer without a cast [enabled by default]
In file included from ../mytar_routines.c:2:0:
/usr/include/stdio.h:702:15: note: expected ‘void * __restrict__’ but argument is of type ‘unsigned int’
../mytar_routines.c: In function ‘createTar’:
../mytar_routines.c:170:2: warning: passing argument 1 of ‘fwrite’ makes pointer from integer without a cast [enabled by default]
Finished building: ../mytar_routines.c
In file included from ../mytar_routines.c:2:0:
 
/usr/include/stdio.h:708:15: note: expected ‘const void * __restrict__’ but argument is of type ‘int’
Building target: pr1-so
Invoking: GCC C Linker
gcc  -o "pr1-so"  ./mytar.o ./mytar_routines.o   
../mytar_routines.c: In function ‘extractTar’:
../mytar_routines.c:211:2: warning: passing argument 2 of ‘readHeader’ makes pointer from integer without a cast [enabled by default]
../mytar_routines.c:46:16: note: expected ‘int *’ but argument is of type ‘int’
Finished building target: pr1-so
 
17:20:07 **** Incremental Build of configuration Debug for project pr1-so ****
make all 
make: No se hace nada para `all'.
17:20:29 **** Incremental Build of configuration Debug for project pr1-so ****
make all 
make: No se hace nada para `all'.
17:22:29 **** Incremental Build of configuration Debug for project pr1-so ****
make all 
make: No se hace nada para `all'.
17:22:37 **** Incremental Build of configuration Debug for project pr1-so ****
make all 
make: No se hace nada para `all'.
17:23:07 **** Incremental Build of configuration Debug for project pr1-so ****
make all 
make: No se hace nada para `all'.
17:23:09 **** Incremental Build of configuration Debug for project pr1-so ****
make all 
make: No se hace nada para `all'.
17:24:27 **** Incremental Build of configuration Debug for project pr1-so ****
make all 
make: No se hace nada para `all'.
17:25:43 **** Incremental Build of configuration Debug for project pr1-so ****
make all 
make: No se hace nada para `all'.
